<?xml version="1.0" encoding="UTF-8"?>
<testng-results ignored="0" total="1" passed="1" failed="0" skipped="0">
  <reporter-output>
  </reporter-output>
  <suite started-at="2025-10-28T12:23:03 IST" name="Default suite" finished-at="2025-10-28T12:23:44 IST" duration-ms="41465">
    <groups>
    </groups>
    <test started-at="2025-10-28T12:23:03 IST" name="Default test" finished-at="2025-10-28T12:23:44 IST" duration-ms="41465">
      <class name="Com.OrangeHrm_TestScripta.TC01_AddEmployee_Test">
        <test-method is-config="true" signature="beforeSuite()[pri:0, instance:Com.OrangeHrm_TestScripta.TC01_AddEmployee_Test@4470f8a6]" started-at="2025-10-28T12:23:03 IST" name="beforeSuite" finished-at="2025-10-28T12:23:03 IST" duration-ms="33" status="PASS">
          <reporter-output>
          </reporter-output>
        </test-method> <!-- beforeSuite -->
        <test-method is-config="true" signature="beforeTest()[pri:0, instance:Com.OrangeHrm_TestScripta.TC01_AddEmployee_Test@4470f8a6]" started-at="2025-10-28T12:23:03 IST" name="beforeTest" finished-at="2025-10-28T12:23:04 IST" duration-ms="785" status="PASS">
          <reporter-output>
          </reporter-output>
        </test-method> <!-- beforeTest -->
        <test-method is-config="true" signature="beforeClass()[pri:0, instance:Com.OrangeHrm_TestScripta.TC01_AddEmployee_Test@4470f8a6]" started-at="2025-10-28T12:23:04 IST" name="beforeClass" finished-at="2025-10-28T12:23:12 IST" duration-ms="8185" status="PASS">
          <reporter-output>
          </reporter-output>
        </test-method> <!-- beforeClass -->
        <test-method is-config="true" signature="beforeMethod()[pri:0, instance:Com.OrangeHrm_TestScripta.TC01_AddEmployee_Test@4470f8a6]" started-at="2025-10-28T12:23:12 IST" name="beforeMethod" finished-at="2025-10-28T12:23:16 IST" duration-ms="4425" status="PASS">
          <reporter-output>
          </reporter-output>
        </test-method> <!-- beforeMethod -->
        <test-method signature="addEmployee()[pri:0, instance:Com.OrangeHrm_TestScripta.TC01_AddEmployee_Test@4470f8a6]" started-at="2025-10-28T12:23:16 IST" name="addEmployee" finished-at="2025-10-28T12:23:37 IST" duration-ms="20745" status="PASS">
          <reporter-output>
          </reporter-output>
        </test-method> <!-- addEmployee -->
        <test-method is-config="true" signature="afterMethod()[pri:0, instance:Com.OrangeHrm_TestScripta.TC01_AddEmployee_Test@4470f8a6]" started-at="2025-10-28T12:23:37 IST" name="afterMethod" finished-at="2025-10-28T12:23:40 IST" duration-ms="2574" status="PASS">
          <reporter-output>
          </reporter-output>
        </test-method> <!-- afterMethod -->
        <test-method is-config="true" signature="afterClass()[pri:0, instance:Com.OrangeHrm_TestScripta.TC01_AddEmployee_Test@4470f8a6]" started-at="2025-10-28T12:23:40 IST" name="afterClass" finished-at="2025-10-28T12:23:43 IST" duration-ms="3593" status="PASS">
          <reporter-output>
          </reporter-output>
        </test-method> <!-- afterClass -->
        <test-method is-config="true" signature="afterTest()[pri:0, instance:Com.OrangeHrm_TestScripta.TC01_AddEmployee_Test@4470f8a6]" started-at="2025-10-28T12:23:43 IST" name="afterTest" finished-at="2025-10-28T12:23:44 IST" duration-ms="1039" status="PASS">
          <reporter-output>
          </reporter-output>
        </test-method> <!-- afterTest -->
        <test-method is-config="true" signature="afterSuite()[pri:0, instance:Com.OrangeHrm_TestScripta.TC01_AddEmployee_Test@4470f8a6]" started-at="2025-10-28T12:23:44 IST" name="afterSuite" finished-at="2025-10-28T12:23:44 IST" duration-ms="5" status="PASS">
          <reporter-output>
          </reporter-output>
        </test-method> <!-- afterSuite -->
      </class> <!-- Com.OrangeHrm_TestScripta.TC01_AddEmployee_Test -->
    </test> <!-- Default test -->
  </suite> <!-- Default suite -->
</testng-results>
